<?xml version="1.0" encoding="UTF-8"?>
<!-- Generated by org.testng.reporters.JUnitXMLReporter -->
<testsuite ignored="0" hostname="Beatwell" failures="0" tests="3" name="Default test" time="32.009" errors="0" timestamp="2024-04-10T16:41:03 EDT">
  <testcase classname="com.ws.testcase.TestLoginPage" name="testLoginPageTitle" time="0.438"/>
  <testcase classname="com.ws.testcase.TestLoginPage" name="testloginFunction" time="2.021"/>
  <testcase classname="com.ws.testcase.TestLoginPage" name="testForgotPasswordRecover" time="0.449"/>
</testsuite> <!-- Default test -->
