<?xml version="1.0" encoding="UTF-8"?>
<testng-results ignored="0" total="3" passed="3" failed="0" skipped="0">
  <reporter-output>
  </reporter-output>
  <suite started-at="2024-04-10T16:40:31 EDT" name="Default suite" finished-at="2024-04-10T16:41:03 EDT" duration-ms="32009">
    <groups>
    </groups>
    <test started-at="2024-04-10T16:40:31 EDT" name="Default test" finished-at="2024-04-10T16:41:03 EDT" duration-ms="32009">
      <class name="com.ws.testcase.TestLoginPage">
        <test-method is-config="true" signature="setUp()[pri:0, instance:com.ws.testcase.TestLoginPage@3b69e7d1]" started-at="2024-04-10T16:40:31 EDT" name="setUp" finished-at="2024-04-10T16:40:38 EDT" duration-ms="7369" status="PASS">
          <reporter-output>
          </reporter-output>
        </test-method> <!-- setUp -->
        <test-method signature="testLoginPageTitle()[pri:1, instance:com.ws.testcase.TestLoginPage@3b69e7d1]" started-at="2024-04-10T16:40:38 EDT" name="testLoginPageTitle" finished-at="2024-04-10T16:40:38 EDT" duration-ms="438" status="PASS">
          <reporter-output>
          </reporter-output>
        </test-method> <!-- testLoginPageTitle -->
        <test-method is-config="true" signature="tearDown()[pri:0, instance:com.ws.testcase.TestLoginPage@3b69e7d1]" started-at="2024-04-10T16:40:38 EDT" name="tearDown" finished-at="2024-04-10T16:40:42 EDT" duration-ms="3662" status="PASS">
          <reporter-output>
          </reporter-output>
        </test-method> <!-- tearDown -->
        <test-method is-config="true" signature="setUp()[pri:0, instance:com.ws.testcase.TestLoginPage@3b69e7d1]" started-at="2024-04-10T16:40:42 EDT" name="setUp" finished-at="2024-04-10T16:40:48 EDT" duration-ms="5565" status="PASS">
          <reporter-output>
          </reporter-output>
        </test-method> <!-- setUp -->
        <test-method signature="testloginFunction()[pri:2, instance:com.ws.testcase.TestLoginPage@3b69e7d1]" started-at="2024-04-10T16:40:48 EDT" name="testloginFunction" finished-at="2024-04-10T16:40:50 EDT" duration-ms="2021" status="PASS">
          <reporter-output>
          </reporter-output>
        </test-method> <!-- testloginFunction -->
        <test-method is-config="true" signature="tearDown()[pri:0, instance:com.ws.testcase.TestLoginPage@3b69e7d1]" started-at="2024-04-10T16:40:50 EDT" name="tearDown" finished-at="2024-04-10T16:40:53 EDT" duration-ms="3617" status="PASS">
          <reporter-output>
          </reporter-output>
        </test-method> <!-- tearDown -->
        <test-method is-config="true" signature="setUp()[pri:0, instance:com.ws.testcase.TestLoginPage@3b69e7d1]" started-at="2024-04-10T16:40:53 EDT" name="setUp" finished-at="2024-04-10T16:40:59 EDT" duration-ms="5344" status="PASS">
          <reporter-output>
          </reporter-output>
        </test-method> <!-- setUp -->
        <test-method signature="testForgotPasswordRecover()[pri:3, instance:com.ws.testcase.TestLoginPage@3b69e7d1]" started-at="2024-04-10T16:40:59 EDT" name="testForgotPasswordRecover" finished-at="2024-04-10T16:40:59 EDT" duration-ms="449" status="PASS">
          <reporter-output>
          </reporter-output>
        </test-method> <!-- testForgotPasswordRecover -->
        <test-method is-config="true" signature="tearDown()[pri:0, instance:com.ws.testcase.TestLoginPage@3b69e7d1]" started-at="2024-04-10T16:40:59 EDT" name="tearDown" finished-at="2024-04-10T16:41:03 EDT" duration-ms="3503" status="PASS">
          <reporter-output>
          </reporter-output>
        </test-method> <!-- tearDown -->
      </class> <!-- com.ws.testcase.TestLoginPage -->
    </test> <!-- Default test -->
  </suite> <!-- Default suite -->
</testng-results>
